c:\users\msi-nb\desktop\dis\新建文件夹\pl0\pl0_mfc\x64\debug\pl0_mfc.pch
c:\users\msi-nb\desktop\dis\新建文件夹\pl0\pl0_mfc\x64\debug\vc143.pdb
c:\users\msi-nb\desktop\dis\新建文件夹\pl0\pl0_mfc\x64\debug\vc143.idb
c:\users\msi-nb\desktop\dis\新建文件夹\pl0\pl0_mfc\x64\debug\pch.obj
c:\users\msi-nb\desktop\dis\新建文件夹\pl0\pl0_mfc\x64\debug\pl0_mfcdlg.obj
c:\users\msi-nb\desktop\dis\新建文件夹\pl0\pl0_mfc\x64\debug\pl0_mfc.obj
c:\users\msi-nb\desktop\dis\新建文件夹\pl0\pl0_mfc\x64\debug\dlg.obj
c:\users\msi-nb\desktop\dis\新建文件夹\pl0\pl0_mfc\x64\debug\dlg_input.obj
c:\users\msi-nb\desktop\dis\新建文件夹\pl0\x64\debug\pl0_mfc.exe
c:\users\msi-nb\desktop\dis\新建文件夹\pl0\x64\debug\pl0_mfc.pdb
c:\users\msi-nb\desktop\dis\新建文件夹\pl0\pl0_mfc\x64\debug\pl0mfc.res
c:\users\msi-nb\desktop\dis\新建文件夹\pl0\pl0_mfc\x64\debug\pl0_mfc.ilk
c:\users\msi-nb\desktop\dis\新建文件夹\pl0\pl0_mfc\x64\debug\idinput.obj
c:\users\msi-nb\desktop\dis\新建文件夹\pl0\pl0_mfc\x64\debug\pl0_mfc.tlog\cl.command.1.tlog
c:\users\msi-nb\desktop\dis\新建文件夹\pl0\pl0_mfc\x64\debug\pl0_mfc.tlog\cl.items.tlog
c:\users\msi-nb\desktop\dis\新建文件夹\pl0\pl0_mfc\x64\debug\pl0_mfc.tlog\cl.read.1.tlog
c:\users\msi-nb\desktop\dis\新建文件夹\pl0\pl0_mfc\x64\debug\pl0_mfc.tlog\cl.write.1.tlog
c:\users\msi-nb\desktop\dis\新建文件夹\pl0\pl0_mfc\x64\debug\pl0_mfc.tlog\link.command.1.tlog
c:\users\msi-nb\desktop\dis\新建文件夹\pl0\pl0_mfc\x64\debug\pl0_mfc.tlog\link.read.1.tlog
c:\users\msi-nb\desktop\dis\新建文件夹\pl0\pl0_mfc\x64\debug\pl0_mfc.tlog\link.secondary.1.tlog
c:\users\msi-nb\desktop\dis\新建文件夹\pl0\pl0_mfc\x64\debug\pl0_mfc.tlog\link.write.1.tlog
c:\users\msi-nb\desktop\dis\新建文件夹\pl0\pl0_mfc\x64\debug\pl0_mfc.tlog\rc.command.1.tlog
c:\users\msi-nb\desktop\dis\新建文件夹\pl0\pl0_mfc\x64\debug\pl0_mfc.tlog\rc.read.1.tlog
c:\users\msi-nb\desktop\dis\新建文件夹\pl0\pl0_mfc\x64\debug\pl0_mfc.tlog\rc.write.1.tlog
